* using log directory 'C:/Users/Megan Miyuki Mikami/Desktop/Megan Mikami/NAU/SPRING 2019/CS 499/Project1/cs499-spring2019/project-1-nearest-neighbors/nearestNeighbors.Rcheck'
* using R version 3.5.2 (2018-12-20)
* using platform: x86_64-w64-mingw32 (64-bit)
* using session charset: ISO8859-1
* checking for file 'nearestNeighbors/DESCRIPTION' ... OK
* checking extension type ... Package
* this is package 'nearestNeighbors' version '2019.1.31'
* package encoding: UTF-8
* checking package namespace information ... OK
* checking package dependencies ... OK
* checking if this is a source package ... OK
* checking if there is a namespace ... OK
* checking for executable files ... OK
* checking for hidden files and directories ... OK
* checking for portable file names ... OK
* checking whether package 'nearestNeighbors' can be installed ... OK
* checking installed package size ... OK
* checking package directory ... OK
* checking DESCRIPTION meta-information ... NOTE
Malformed Description field: should contain one or more complete sentences.
* checking top-level files ... OK
* checking for left-over files ... OK
* checking index information ... OK
* checking package subdirectories ... OK
* checking R files for non-ASCII characters ... OK
* checking R files for syntax errors ... OK
* loading checks for arch 'i386'
** checking whether the package can be loaded ... OK
** checking whether the package can be loaded with stated dependencies ... OK
** checking whether the package can be unloaded cleanly ... OK
** checking whether the namespace can be loaded with stated dependencies ... OK
** checking whether the namespace can be unloaded cleanly ... OK
** checking loading without being on the library search path ... OK
* loading checks for arch 'x64'
** checking whether the package can be loaded ... OK
** checking whether the package can be loaded with stated dependencies ... OK
** checking whether the package can be unloaded cleanly ... OK
** checking whether the namespace can be loaded with stated dependencies ... OK
** checking whether the namespace can be unloaded cleanly ... OK
** checking loading without being on the library search path ... OK
* checking dependencies in R code ... OK
* checking S3 generic/method consistency ... OK
* checking replacement functions ... OK
* checking foreign function calls ... OK
* checking R code for possible problems ... NOTE
nn: no visible global function definition for '.c'
nn: no visible binding for global variable 'predictions'
Undefined global functions or variables:
  .c predictions
* checking Rd files ... OK
* checking Rd metadata ... OK
* checking Rd cross-references ... OK
* checking for missing documentation entries ... OK
* checking for code/documentation mismatches ... OK
* checking Rd \usage sections ... OK
* checking Rd contents ... OK
* checking for unstated dependencies in examples ... OK
* checking line endings in C/C++/Fortran sources/headers ... OK
* checking line endings in Makefiles ... OK
* checking compilation flags in Makevars ... WARNING
Non-portable flags in variable 'PKG_CPPFLAGS':
  -fopenmp
* checking for GNU extensions in Makefiles ... OK
* checking for portable use of $(BLAS_LIBS) and $(LAPACK_LIBS) ... OK
* checking compiled code ... OK
* checking examples ...
** running examples for arch 'i386' ... ERROR
Running examples in 'nearestNeighbors-Ex.R' failed
The error most likely occurred in:

> ### Name: nn
> ### Title: nearest neighbors algorithm
> ### Aliases: nn
> 
> ### ** Examples
> 
> data(zip.train, package-"ElemStatLearn")
Warning in data(zip.train, package - "ElemStatLearn") :
  data set 'zip.train' not found
Warning in data(zip.train, package - "ElemStatLearn") :
  data set 'package - "ElemStatLearn"' not found
> i01 <- which(zip.train[,1] %in% c(0,1))
Error in zip.train[, 1] %in% c(0, 1) : object 'zip.train' not found
Calls: which -> %in%
Execution halted
** running examples for arch 'x64' ... ERROR
Running examples in 'nearestNeighbors-Ex.R' failed
The error most likely occurred in:

> ### Name: nn
> ### Title: nearest neighbors algorithm
> ### Aliases: nn
> 
> ### ** Examples
> 
> data(zip.train, package-"ElemStatLearn")
Warning in data(zip.train, package - "ElemStatLearn") :
  data set 'zip.train' not found
Warning in data(zip.train, package - "ElemStatLearn") :
  data set 'package - "ElemStatLearn"' not found
> i01 <- which(zip.train[,1] %in% c(0,1))
Error in zip.train[, 1] %in% c(0, 1) : object 'zip.train' not found
Calls: which -> %in%
Execution halted
* checking PDF version of manual ... WARNING
LaTeX errors when creating PDF version.
This typically indicates Rd problems.
* checking PDF version of manual without hyperrefs or index ... ERROR
Re-running with no redirection of stdout/stderr.
* DONE
Status: 3 ERRORs, 2 WARNINGs, 2 NOTEs
