* installing *source* package 'nearestNeighbors' ...
** libs

*** arch - i386
C:/Rtools/mingw_32/bin/g++  -std=gnu++11 -I"C:/PROGRA~1/R/R-35~1.2/include" -DNDEBUG -UNDEBUG -fopenmp -I"C:/Users/Megan Miyuki Mikami/Documents/R/win-library/3.5/RcppEigen/include"        -O2 -Wall  -mtune=generic -c interface.cpp -o interface.o
C:/Rtools/mingw_32/bin/g++  -std=gnu++11 -I"C:/PROGRA~1/R/R-35~1.2/include" -DNDEBUG -UNDEBUG -fopenmp -I"C:/Users/Megan Miyuki Mikami/Documents/R/win-library/3.5/RcppEigen/include"        -O2 -Wall  -mtune=generic -c nn.cpp -o nn.o
C:/Rtools/mingw_32/bin/g++ -shared -s -static-libgcc -o nearestNeighbors.dll tmp.def interface.o nn.o -lgomp -LC:/PROGRA~1/R/R-35~1.2/bin/i386 -lR
Warning messages:
1: In FUN(X[[i]], ...) : this requires 'nm' to be on the PATH
2: In FUN(X[[i]], ...) : this requires 'nm' to be on the PATH
installing to C:/Users/MEGANM~1/Desktop/MEGANM~1/NAU/SPRING~3/CS499~1/Project1/CS499-~1/PROJEC~1/NEARES~1.RCH/nearestNeighbors/libs/i386

*** arch - x64
C:/Rtools/mingw_64/bin/g++  -std=gnu++11 -I"C:/PROGRA~1/R/R-35~1.2/include" -DNDEBUG -UNDEBUG -fopenmp -I"C:/Users/Megan Miyuki Mikami/Documents/R/win-library/3.5/RcppEigen/include"        -O2 -Wall  -mtune=generic -c interface.cpp -o interface.o
C:/Rtools/mingw_64/bin/g++  -std=gnu++11 -I"C:/PROGRA~1/R/R-35~1.2/include" -DNDEBUG -UNDEBUG -fopenmp -I"C:/Users/Megan Miyuki Mikami/Documents/R/win-library/3.5/RcppEigen/include"        -O2 -Wall  -mtune=generic -c nn.cpp -o nn.o
C:/Rtools/mingw_64/bin/g++ -shared -s -static-libgcc -o nearestNeighbors.dll tmp.def interface.o nn.o -lgomp -LC:/PROGRA~1/R/R-35~1.2/bin/x64 -lR
Warning messages:
1: In FUN(X[[i]], ...) : this requires 'nm' to be on the PATH
2: In FUN(X[[i]], ...) : this requires 'nm' to be on the PATH
installing to C:/Users/MEGANM~1/Desktop/MEGANM~1/NAU/SPRING~3/CS499~1/Project1/CS499-~1/PROJEC~1/NEARES~1.RCH/nearestNeighbors/libs/x64
** R
** byte-compile and prepare package for lazy loading
** help
*** installing help indices
** building package indices
** testing if installed package can be loaded
*** arch - i386
*** arch - x64
* DONE (nearestNeighbors)
In R CMD INSTALL
